<?xml version="1.0" encoding="UTF-8"?>
<!-- Generated by org.testng.reporters.JUnitXMLReporter -->
<testsuite ignored="0" hostname="DESKTOP-GECEE8B" failures="0" tests="3" name="Default test" time="0.065" errors="0" timestamp="2023-07-30T09:30:45 IST">
  <testcase classname="setPriority.TestNGPriority" name="test1" time="0.011"/>
  <testcase classname="setPriority.TestNGPriority" name="test3" time="0.002"/>
  <testcase classname="setPriority.TestNGPriority" name="test2" time="0.002"/>
</testsuite> <!-- Default test -->
