<?xml version="1.0" encoding="UTF-8"?>
<!-- Generated by org.testng.reporters.JUnitXMLReporter -->
<testsuite ignored="0" hostname="DESKTOP-GECEE8B" failures="2" tests="8" name="Test" time="12.092" errors="0" timestamp="2023-07-29T18:35:50 IST">
  <testcase classname="listeners.ListenerDemo" name="test1" time="0.016"/>
  <testcase classname="listeners.ListenerDemo" name="test2" time="0.021">
    <failure type="java.lang.AssertionError" message="expected [true] but found [false]">
      <![CDATA[java.lang.AssertionError: expected [true] but found [false]
at listeners.ListenerDemo.test2(ListenerDemo.java:23)
at java.base/java.util.ArrayList.forEach(ArrayList.java:1511)
... Removed 29 stack frames]]>
    </failure>
  </testcase> <!-- test2 -->
  <testcase classname="listeners.ListenerDemo" name="test3" time="0.002">
    <skipped/>
  </testcase> <!-- test3 -->
  <testcase classname="listeners.ListenerDemo" name="test4" time="11.952"/>
  <testcase classname="listeners.ListenerDemo2" name="test5" time="0.002"/>
  <testcase classname="listeners.ListenerDemo2" name="test6" time="0.002">
    <failure type="java.lang.AssertionError" message="expected [true] but found [false]">
      <![CDATA[java.lang.AssertionError: expected [true] but found [false]
at listeners.ListenerDemo2.test6(ListenerDemo2.java:18)
at java.base/java.util.ArrayList.forEach(ArrayList.java:1511)
... Removed 29 stack frames]]>
    </failure>
  </testcase> <!-- test6 -->
  <testcase classname="listeners.ListenerDemo2" name="test7" time="0.002">
    <skipped/>
  </testcase> <!-- test7 -->
  <testcase classname="listeners.ListenerDemo2" name="test8" time="0.002"/>
</testsuite> <!-- Test -->
